# JRE version: OpenJDK Runtime Environment (18.0.2.1+1) (build 18.0.2.1+1-1)
# Java VM: OpenJDK 64-Bit Server VM (18.0.2.1+1-1, mixed mode, emulated-client, sharing, tiered, compressed oops, compressed class ptrs, g1 gc, linux-amd64)
GC Precious Log:
 CardTable entry size: 512
 Card Set container configuration: InlinePtr #cards 4 size 8 Array Of Cards #cards 16 size 48 Howl #buckets 8 coarsen threshold 3686 Howl Bitmap #cards 512 size 80 coarsen threshold 460 Card regions per heap region 1 cards per card region 4096
 CPUs: 8 total, 8 available
 Memory: 15878M
 Large Page Support: Disabled
 NUMA Support: Disabled
 Compressed Oops: Enabled (Zero based)
 Heap Region Size: 2M
 Heap Min Capacity: 8M
 Heap Initial Capacity: 250M
 Heap Max Capacity: 3970M
 Pre-touch: Disabled
 Parallel Workers: 8
 Concurrent Workers: 2
 Concurrent Refinement Workers: 8
 Periodic GC: Disabled
Heap:
 garbage-first heap   total 159744K, used 44629K [0x0000000707e00000, 0x0000000800000000)
  region size 2048K, 17 young (34816K), 3 survivors (6144K)
 Metaspace       used 35657K, committed 36096K, reserved 1114112K
  class space    used 4858K, committed 5056K, reserved 1048576K
GC Heap History (13 events):
Event: 0.852 GC heap before
{Heap before GC invocations=0 (full 0):
 garbage-first heap   total 260096K, used 24492K [0x0000000707e00000, 0x0000000800000000)
  region size 2048K, 11 young (22528K), 0 survivors (0K)
 Metaspace       used 7638K, committed 7872K, reserved 1114112K
  class space    used 933K, committed 1088K, reserved 1048576K
}
Event: 0.857 GC heap after
{Heap after GC invocations=1 (full 0):
 garbage-first heap   total 260096K, used 6947K [0x0000000707e00000, 0x0000000800000000)
  region size 2048K, 2 young (4096K), 2 survivors (4096K)
 Metaspace       used 7638K, committed 7872K, reserved 1114112K
  class space    used 933K, committed 1088K, reserved 1048576K
}
Event: 1.337 GC heap before
{Heap before GC invocations=1 (full 0):
 garbage-first heap   total 260096K, used 35619K [0x0000000707e00000, 0x0000000800000000)
  region size 2048K, 17 young (34816K), 2 survivors (4096K)
 Metaspace       used 15063K, committed 15360K, reserved 1114112K
  class space    used 1934K, committed 2048K, reserved 1048576K
}
Event: 1.354 GC heap after
{Heap after GC invocations=2 (full 0):
 garbage-first heap   total 260096K, used 9530K [0x0000000707e00000, 0x0000000800000000)
  region size 2048K, 2 young (4096K), 2 survivors (4096K)
 Metaspace       used 15063K, committed 15360K, reserved 1114112K
  class space    used 1934K, committed 2048K, reserved 1048576K
}
Event: 2.030 GC heap before
{Heap before GC invocations=2 (full 0):
 garbage-first heap   total 260096K, used 52538K [0x0000000707e00000, 0x0000000800000000)
  region size 2048K, 24 young (49152K), 2 survivors (4096K)
 Metaspace       used 21233K, committed 21504K, reserved 1114112K
  class space    used 2801K, committed 2944K, reserved 1048576K
}
Event: 2.034 GC heap after
{Heap after GC invocations=3 (full 0):
 garbage-first heap   total 260096K, used 12171K [0x0000000707e00000, 0x0000000800000000)
  region size 2048K, 3 young (6144K), 3 survivors (6144K)
 Metaspace       used 21233K, committed 21504K, reserved 1114112K
  class space    used 2801K, committed 2944K, reserved 1048576K
}
Event: 2.463 GC heap before
{Heap before GC invocations=4 (full 0):
 garbage-first heap   total 61440K, used 42891K [0x0000000707e00000, 0x0000000800000000)
  region size 2048K, 18 young (36864K), 3 survivors (6144K)
 Metaspace       used 25988K, committed 26368K, reserved 1114112K
  class space    used 3463K, committed 3648K, reserved 1048576K
}
Event: 2.481 GC heap after
{Heap after GC invocations=5 (full 0):
 garbage-first heap   total 61440K, used 15111K [0x0000000707e00000, 0x0000000800000000)
  region size 2048K, 3 young (6144K), 3 survivors (6144K)
 Metaspace       used 25988K, committed 26368K, reserved 1114112K
  class space    used 3463K, committed 3648K, reserved 1048576K
}
Event: 2.511 GC heap before
{Heap before GC invocations=5 (full 0):
 garbage-first heap   total 61440K, used 17159K [0x0000000707e00000, 0x0000000800000000)
  region size 2048K, 4 young (8192K), 3 survivors (6144K)
 Metaspace       used 26241K, committed 26624K, reserved 1114112K
  class space    used 3507K, committed 3648K, reserved 1048576K
}
Event: 2.525 GC heap after
{Heap after GC invocations=6 (full 0):
 garbage-first heap   total 61440K, used 15762K [0x0000000707e00000, 0x0000000800000000)
  region size 2048K, 1 young (2048K), 1 survivors (2048K)
 Metaspace       used 26241K, committed 26624K, reserved 1114112K
  class space    used 3507K, committed 3648K, reserved 1048576K
}
Event: 2.910 GC heap before
{Heap before GC invocations=6 (full 0):
 garbage-first heap   total 61440K, used 38290K [0x0000000707e00000, 0x0000000800000000)
  region size 2048K, 13 young (26624K), 1 survivors (2048K)
 Metaspace       used 31386K, committed 31744K, reserved 1114112K
  class space    used 4305K, committed 4480K, reserved 1048576K
}
Event: 2.913 GC heap after
{Heap after GC invocations=7 (full 0):
 garbage-first heap   total 159744K, used 17504K [0x0000000707e00000, 0x0000000800000000)
  region size 2048K, 2 young (4096K), 2 survivors (4096K)
 Metaspace       used 31386K, committed 31744K, reserved 1114112K
  class space    used 4305K, committed 4480K, reserved 1048576K
}
Event: 11.362 GC heap before
{Heap before GC invocations=7 (full 0):
 garbage-first heap   total 159744K, used 44128K [0x0000000707e00000, 0x0000000800000000)
  region size 2048K, 16 young (32768K), 2 survivors (4096K)
 Metaspace       used 35657K, committed 36096K, reserved 1114112K
  class space    used 4858K, committed 5056K, reserved 1048576K
}

